2025-06-28 12:29:28,367 - pyswarms.single.global_best - INFO - Optimize for 1000 iters with {'c1': 0.5, 'c2': 0.3, 'w': 0.9}
2025-06-28 12:35:06,477 - pyswarms.single.global_best - INFO - Optimize for 1000 iters with {'c1': 0.5, 'c2': 0.3, 'w': 0.9}
2025-06-28 12:43:17,775 - pyswarms.single.global_best - INFO - Optimization finished | best cost: 0.0002755851434248864, best pos: [0.96137595 0.40774416 0.83535156 0.56644632]
2025-06-28 13:01:22,264 - pyswarms.single.global_best - INFO - Optimize for 1000 iters with {'c1': 0.5, 'c2': 0.3, 'w': 0.9}
2025-06-28 13:05:19,806 - pyswarms.single.global_best - INFO - Optimize for 1000 iters with {'c1': 0.5, 'c2': 0.3, 'w': 0.9}
2025-06-28 13:07:08,026 - pyswarms.single.global_best - INFO - Optimize for 1000 iters with {'c1': 0.5, 'c2': 0.3, 'w': 0.9}
2025-06-28 13:07:29,194 - pyswarms.single.global_best - INFO - Optimize for 1000 iters with {'c1': 0.5, 'c2': 0.3, 'w': 0.9}
2025-06-28 13:08:57,821 - pyswarms.single.global_best - INFO - Optimize for 1000 iters with {'c1': 0.5, 'c2': 0.3, 'w': 0.9}
2025-06-28 13:09:18,973 - pyswarms.single.global_best - INFO - Optimize for 1000 iters with {'c1': 0.5, 'c2': 0.3, 'w': 0.9}
2025-06-28 13:10:13,169 - pyswarms.single.global_best - INFO - Optimize for 1000 iters with {'c1': 0.5, 'c2': 0.3, 'w': 0.9}
2025-06-28 13:14:51,399 - pyswarms.single.global_best - INFO - Optimize for 1000 iters with {'c1': 0.5, 'c2': 0.3, 'w': 0.9}
2025-06-28 13:42:28,440 - pyswarms.single.global_best - INFO - Optimize for 100 iters with {'c1': 0.5, 'c2': 0.3, 'w': 0.9}
2025-06-28 13:42:56,024 - pyswarms.single.global_best - INFO - Optimize for 100 iters with {'c1': 0.5, 'c2': 0.3, 'w': 0.9}
2025-06-28 13:43:12,504 - pyswarms.single.global_best - INFO - Optimize for 100 iters with {'c1': 0.5, 'c2': 0.3, 'w': 0.9}
2025-06-28 13:45:35,635 - pyswarms.single.global_best - INFO - Optimize for 1000 iters with {'c1': 0.5, 'c2': 0.3, 'w': 0.9}
2025-06-28 13:46:46,860 - pyswarms.single.global_best - INFO - Optimize for 1000 iters with {'c1': 0.5, 'c2': 0.3, 'w': 0.9}
2025-06-28 13:51:41,956 - pyswarms.single.global_best - INFO - Optimize for 1000 iters with {'c1': 0.5, 'c2': 0.3, 'w': 0.9}
2025-06-28 14:07:47,490 - pyswarms.single.global_best - INFO - Optimize for 1000 iters with {'c1': 0.5, 'c2': 0.3, 'w': 0.9}
2025-06-28 14:10:41,770 - pyswarms.single.global_best - INFO - Optimize for 1000 iters with {'c1': 0.5, 'c2': 0.3, 'w': 0.9}
2025-06-28 14:14:24,290 - pyswarms.single.global_best - INFO - Optimize for 1000 iters with {'c1': 0.5, 'c2': 0.3, 'w': 0.9}
2025-06-28 14:23:54,788 - pyswarms.single.global_best - INFO - Optimize for 1000 iters with {'c1': 0.5, 'c2': 0.3, 'w': 0.9}
2025-06-28 14:30:58,234 - pyswarms.single.global_best - INFO - Optimize for 1000 iters with {'c1': 0.5, 'c2': 0.3, 'w': 0.9}
2025-06-28 14:35:17,651 - pyswarms.single.global_best - INFO - Optimization finished | best cost: 0.0009403517128401522, best pos: [0.88336383 0.39885065 0.96956932 0.63775234]
2025-06-28 14:49:17,867 - pyswarms.single.global_best - INFO - Optimize for 100 iters with {'c1': 0.5, 'c2': 0.3, 'w': 0.9}
2025-06-28 14:57:14,690 - pyswarms.single.global_best - INFO - Optimization finished | best cost: 0.0005039729586541266, best pos: [0.74400306 0.31769667 0.91834814 0.58848476]
2025-06-28 14:57:14,694 - pyswarms.single.global_best - INFO - Optimize for 100 iters with {'c1': 0.5, 'c2': 0.3, 'w': 0.9}
2025-06-28 14:59:03,831 - pyswarms.single.global_best - INFO - Optimize for 100 iters with {'c1': 0.5, 'c2': 0.3, 'w': 0.9}
2025-06-28 15:04:51,400 - pyswarms.single.global_best - INFO - Optimize for 100 iters with {'c1': 0.5, 'c2': 0.3, 'w': 0.9}
2025-06-28 15:13:51,014 - pyswarms.single.global_best - INFO - Optimization finished | best cost: 0.00025905110001069444, best pos: [0.99665109 0.42628968 0.78219615 0.51338152]
2025-06-28 15:13:51,017 - pyswarms.single.global_best - INFO - Optimize for 100 iters with {'c1': 0.5, 'c2': 0.3, 'w': 0.9}
2025-06-28 15:22:00,651 - pyswarms.single.global_best - INFO - Optimization finished | best cost: 0.0006589020776239783, best pos: [0.63931148 0.27053033 0.23334247 0.1460998 ]
2025-06-28 15:22:00,654 - pyswarms.single.global_best - INFO - Optimize for 100 iters with {'c1': 0.5, 'c2': 0.3, 'w': 0.9}
2025-06-28 15:29:43,927 - pyswarms.single.global_best - INFO - Optimization finished | best cost: 0.001140937577170085, best pos: [0.05489723 0.02249116 0.87613544 0.51702762]
2025-06-28 15:32:58,112 - pyswarms.single.global_best - INFO - Optimize for 200 iters with {'c1': 0.5, 'c2': 0.3, 'w': 0.9}
2025-06-28 15:55:06,246 - pyswarms.single.global_best - INFO - Optimization finished | best cost: 0.00024723783045023785, best pos: [0.86685735 0.36671759 0.68046788 0.4521427 ]
2025-06-28 15:55:06,249 - pyswarms.single.global_best - INFO - Optimize for 200 iters with {'c1': 0.5, 'c2': 0.3, 'w': 0.9}
2025-06-28 16:04:44,698 - pyswarms.single.global_best - INFO - Optimization finished | best cost: 0.00018380225378421253, best pos: [0.89335459 0.38522353 0.54322015 0.36689465]
2025-06-28 16:04:44,702 - pyswarms.single.global_best - INFO - Optimize for 200 iters with {'c1': 0.5, 'c2': 0.3, 'w': 0.9}
2025-06-28 16:18:12,799 - pyswarms.single.global_best - INFO - Optimize for 200 iters with {'c1': 0.5, 'c2': 0.3, 'w': 0.9}
2025-06-28 16:26:20,292 - pyswarms.single.global_best - INFO - Optimization finished | best cost: 0.0003711153582504345, best pos: [0.61313734 0.25492604 0.93258023 0.60006558]
2025-06-28 16:26:20,295 - pyswarms.single.global_best - INFO - Optimize for 200 iters with {'c1': 0.5, 'c2': 0.3, 'w': 0.9}
2025-06-28 16:34:53,423 - pyswarms.single.global_best - INFO - Optimization finished | best cost: 0.00029724635079736905, best pos: [0.84107503 0.35854615 0.94036786 0.59921211]
2025-06-28 16:34:53,427 - pyswarms.single.global_best - INFO - Optimize for 200 iters with {'c1': 0.5, 'c2': 0.3, 'w': 0.9}
2025-06-28 16:35:23,496 - pyswarms.single.global_best - INFO - Optimize for 200 iters with {'c1': 0.5, 'c2': 0.3, 'w': 0.9}
2025-06-28 16:53:49,073 - pyswarms.single.global_best - INFO - Optimization finished | best cost: 0.00013409822281216653, best pos: [0.51472889 0.2215349  0.76858938 0.50513598]
2025-06-28 16:56:36,664 - pyswarms.single.global_best - INFO - Optimize for 200 iters with {'c1': 0.5, 'c2': 0.3, 'w': 0.9}
2025-06-28 17:27:13,805 - pyswarms.single.global_best - INFO - Optimization finished | best cost: 0.00036690259466678403, best pos: [0.22370201 0.09305176 0.78724464 0.49942815]
2025-06-28 17:27:13,808 - pyswarms.single.global_best - INFO - Optimize for 200 iters with {'c1': 0.5, 'c2': 0.3, 'w': 0.9}
2025-06-28 18:47:33,919 - pyswarms.single.global_best - INFO - Optimization finished | best cost: 0.00023617913864698185, best pos: [0.8674954  0.37097605 0.47530013 0.32865923]
2025-06-28 18:47:33,922 - pyswarms.single.global_best - INFO - Optimize for 200 iters with {'c1': 0.5, 'c2': 0.3, 'w': 0.9}
2025-06-28 19:57:43,536 - pyswarms.single.global_best - INFO - Optimization finished | best cost: 9.505118373050382e-05, best pos: [0.82368835 0.35532574 0.43371163 0.2843732 ]
2025-07-07 12:13:50,853 - pyswarms.single.global_best - INFO - Optimize for 50 iters with {'c1': 0.5, 'c2': 0.3, 'w': 0.9}
2025-07-08 13:43:47,841 - pyswarms.single.global_best - INFO - Optimize for 200 iters with {'c1': 0.5, 'c2': 0.3, 'w': 0.9}
2025-07-08 13:48:07,294 - pyswarms.single.global_best - INFO - Optimize for 200 iters with {'c1': 0.5, 'c2': 0.3, 'w': 0.9}
2025-07-08 14:01:38,215 - pyswarms.single.global_best - INFO - Optimize for 200 iters with {'c1': 0.5, 'c2': 0.3, 'w': 0.9}
2025-07-08 14:44:08,892 - pyswarms.single.global_best - INFO - Optimization finished | best cost: 0.00018414786623827229, best pos: [0.81250221 0.35592477 0.66047453 0.42290663]
