2025-07-20 15:35:36,514 - pyswarms.single.global_best - INFO - Optimize for 100 iters with {'c1': 0.5, 'c2': 0.3, 'w': 0.9}
2025-07-20 15:35:36,722 - pyswarms.single.global_best - INFO - Optimization finished | best cost: 0.12174475909569198, best pos: [0.49566344 0.54832277 0.45200383 0.56336322 0.40660618 0.26341531
 0.42992561 0.14115407 0.68687146]
2025-07-20 15:36:10,750 - pyswarms.single.global_best - INFO - Optimize for 100 iters with {'c1': 0.5, 'c2': 0.3, 'w': 0.9}
2025-07-20 15:43:04,762 - pyswarms.single.global_best - INFO - Optimize for 100 iters with {'c1': 0.5, 'c2': 0.3, 'w': 0.9}
2025-07-20 15:55:27,886 - pyswarms.single.global_best - INFO - Optimization finished | best cost: 0.08150622972285634, best pos: [0.84338248 0.9271308  0.59591655 0.69010162 0.62979709 0.28019564
 0.36040726 0.48501745 0.31878496 0.26072931]
2025-07-20 17:06:05,277 - pyswarms.single.global_best - INFO - Optimize for 100 iters with {'c1': 0.5, 'c2': 0.3, 'w': 0.9}
2025-07-20 17:18:51,961 - pyswarms.single.global_best - INFO - Optimization finished | best cost: 0.08318871969965592, best pos: [0.4098983  0.12793166 0.63319219 0.81867833 0.53683682 0.6500778
 0.65172134 0.56902319 0.45245598 0.27029852]
2025-07-23 17:16:53,569 - pyswarms.single.global_best - INFO - Optimize for 100 iters with {'c1': 0.5, 'c2': 0.3, 'w': 0.9}
2025-07-23 17:16:55,196 - pyswarms.single.global_best - INFO - Optimization finished | best cost: 0.12222522988694008, best pos: [0.01137629 0.20791374 0.91391797 0.1213526  0.84626645 0.3767239
 0.19165401 0.75430651 0.90228294 0.53883468 0.76317241 0.99043389
 0.27490476]
2025-07-23 17:16:55,198 - pyswarms.single.global_best - INFO - Optimize for 100 iters with {'c1': 0.5, 'c2': 0.3, 'w': 0.9}
2025-07-23 17:16:56,370 - pyswarms.single.global_best - INFO - Optimization finished | best cost: 10000000000.0, best pos: [0.19454518 0.03629439 0.15568423 0.91881331 0.76781158 0.50434752
 0.72366684 0.08727873 0.36456644 0.64422218 0.42859531 0.55117357
 0.90594224]
2025-07-23 17:19:35,952 - pyswarms.single.global_best - INFO - Optimize for 100 iters with {'c1': 0.5, 'c2': 0.3, 'w': 0.9}
2025-07-23 18:28:31,767 - pyswarms.single.global_best - INFO - Optimization finished | best cost: 0.01860508125834529, best pos: [0.59888763 0.1546676  0.45505863 0.25977114 0.88901446 0.8036034
 0.59267151 0.17135924 0.64793526 0.72502048 0.73183842 0.84820122
 0.99460005 0.82642914]
2025-07-23 22:37:45,317 - pyswarms.single.global_best - INFO - Optimize for 100 iters with {'c1': 0.5, 'c2': 0.3, 'w': 0.9}
2025-07-23 23:43:17,971 - pyswarms.single.global_best - INFO - Optimization finished | best cost: 0.01931611133097153, best pos: [0.61482734 0.70116303 0.12291953 0.81863542 0.67784336 0.94181712
 0.36296591 0.02764829 0.8134524  0.89804586 0.47322298 0.53426709
 0.2798012  0.0671799 ]
2025-07-24 23:23:33,073 - pyswarms.single.global_best - INFO - Optimize for 100 iters with {'c1': 0.5, 'c2': 0.3, 'w': 0.9}
2025-07-25 01:52:08,042 - pyswarms.single.global_best - INFO - Optimization finished | best cost: 0.0007965736195206727, best pos: [0.79296874 0.29104758 0.33084707 0.52856303]
